[2017-07-08 21:05:08] production.ERROR: RuntimeException: No supported encrypter found. The cipher and / or key length are invalid. in /projects/laravel/bootstrap/cache/compiled.php:7771
Stack trace:
#0 /projects/laravel/bootstrap/cache/compiled.php(7761): Illuminate\Encryption\EncryptionServiceProvider->getEncrypterForKeyAndCipher(NULL, 'AES-256-CBC')
#1 /projects/laravel/bootstrap/cache/compiled.php(1353): Illuminate\Encryption\EncryptionServiceProvider->Illuminate\Encryption\{closure}(Object(Illuminate\Foundation\Application), Array)
#2 /projects/laravel/bootstrap/cache/compiled.php(1309): Illuminate\Container\Container->build(Object(Closure), Array)
#3 /projects/laravel/bootstrap/cache/compiled.php(1874): Illuminate\Container\Container->make('encrypter', Array)
#4 /projects/laravel/bootstrap/cache/compiled.php(1410): Illuminate\Foundation\Application->make('encrypter')
#5 /projects/laravel/bootstrap/cache/compiled.php(1387): Illuminate\Container\Container->resolveClass(Object(ReflectionParameter))
#6 /projects/laravel/bootstrap/cache/compiled.php(1373): Illuminate\Container\Container->getDependencies(Array, Array)
#7 /projects/laravel/bootstrap/cache/compiled.php(1309): Illuminate\Container\Container->build('App\\Http\\Middle...', Array)
#8 /projects/laravel/bootstrap/cache/compiled.php(1874): Illuminate\Container\Container->make('App\\Http\\Middle...', Array)
#9 /projects/laravel/bootstrap/cache/compiled.php(9958): Illuminate\Foundation\Application->make('App\\Http\\Middle...')
#10 [internal function]: Illuminate\Pipeline\Pipeline->Illuminate\Pipeline\{closure}(Object(Illuminate\Http\Request))
#11 /projects/laravel/vendor/laravel/framework/src/Illuminate/Routing/Pipeline.php(32): call_user_func(Object(Closure), Object(Illuminate\Http\Request))
#12 [internal function]: Illuminate\Routing\Pipeline->Illuminate\Routing\{closure}(Object(Illuminate\Http\Request))
#13 /projects/laravel/bootstrap/cache/compiled.php(9948): call_user_func(Object(Closure), Object(Illuminate\Http\Request))
#14 /projects/laravel/bootstrap/cache/compiled.php(8226): Illuminate\Pipeline\Pipeline->then(Object(Closure))
#15 /projects/laravel/bootstrap/cache/compiled.php(8217): Illuminate\Routing\Router->runRouteWithinStack(Object(Illuminate\Routing\Route), Object(Illuminate\Http\Request))
#16 /projects/laravel/bootstrap/cache/compiled.php(8207): Illuminate\Routing\Router->dispatchToRoute(Object(Illuminate\Http\Request))
#17 /projects/laravel/bootstrap/cache/compiled.php(2419): Illuminate\Routing\Router->dispatch(Object(Illuminate\Http\Request))
#18 [internal function]: Illuminate\Foundation\Http\Kernel->Illuminate\Foundation\Http\{closure}(Object(Illuminate\Http\Request))
#19 /projects/laravel/vendor/laravel/framework/src/Illuminate/Routing/Pipeline.php(52): call_user_func(Object(Closure), Object(Illuminate\Http\Request))
#20 /projects/laravel/bootstrap/cache/compiled.php(3286): Illuminate\Routing\Pipeline->Illuminate\Routing\{closure}(Object(Illuminate\Http\Request))
#21 [internal function]: Illuminate\Foundation\Http\Middleware\CheckForMaintenanceMode->handle(Object(Illuminate\Http\Request), Object(Closure))
#22 /projects/laravel/bootstrap/cache/compiled.php(9963): call_user_func_array(Array, Array)
#23 [internal function]: Illuminate\Pipeline\Pipeline->Illuminate\Pipeline\{closure}(Object(Illuminate\Http\Request))
#24 /projects/laravel/vendor/laravel/framework/src/Illuminate/Routing/Pipeline.php(32): call_user_func(Object(Closure), Object(Illuminate\Http\Request))
#25 [internal function]: Illuminate\Routing\Pipeline->Illuminate\Routing\{closure}(Object(Illuminate\Http\Request))
#26 /projects/laravel/bootstrap/cache/compiled.php(9948): call_user_func(Object(Closure), Object(Illuminate\Http\Request))
#27 /projects/laravel/bootstrap/cache/compiled.php(2366): Illuminate\Pipeline\Pipeline->then(Object(Closure))
#28 /projects/laravel/bootstrap/cache/compiled.php(2350): Illuminate\Foundation\Http\Kernel->sendRequestThroughRouter(Object(Illuminate\Http\Request))
#29 /projects/laravel/public/index.php(53): Illuminate\Foundation\Http\Kernel->handle(Object(Illuminate\Http\Request))
#30 /projects/laravel/server.php(21): require_once('/projects/larav...')
#31 {main}  
[2017-07-08 21:05:08] production.ERROR: RuntimeException: No supported encrypter found. The cipher and / or key length are invalid. in /projects/laravel/bootstrap/cache/compiled.php:7771
Stack trace:
#0 /projects/laravel/bootstrap/cache/compiled.php(7761): Illuminate\Encryption\EncryptionServiceProvider->getEncrypterForKeyAndCipher(NULL, 'AES-256-CBC')
#1 /projects/laravel/bootstrap/cache/compiled.php(1353): Illuminate\Encryption\EncryptionServiceProvider->Illuminate\Encryption\{closure}(Object(Illuminate\Foundation\Application), Array)
#2 /projects/laravel/bootstrap/cache/compiled.php(1309): Illuminate\Container\Container->build(Object(Closure), Array)
#3 /projects/laravel/bootstrap/cache/compiled.php(1874): Illuminate\Container\Container->make('encrypter', Array)
#4 /projects/laravel/bootstrap/cache/compiled.php(1410): Illuminate\Foundation\Application->make('encrypter')
#5 /projects/laravel/bootstrap/cache/compiled.php(1387): Illuminate\Container\Container->resolveClass(Object(ReflectionParameter))
#6 /projects/laravel/bootstrap/cache/compiled.php(1373): Illuminate\Container\Container->getDependencies(Array, Array)
#7 /projects/laravel/bootstrap/cache/compiled.php(1309): Illuminate\Container\Container->build('App\\Http\\Middle...', Array)
#8 /projects/laravel/bootstrap/cache/compiled.php(1874): Illuminate\Container\Container->make('App\\Http\\Middle...', Array)
#9 /projects/laravel/bootstrap/cache/compiled.php(2373): Illuminate\Foundation\Application->make('App\\Http\\Middle...')
#10 /projects/laravel/public/index.php(58): Illuminate\Foundation\Http\Kernel->terminate(Object(Illuminate\Http\Request), Object(Illuminate\Http\Response))
#11 /projects/laravel/server.php(21): require_once('/projects/larav...')
#12 {main}  
[2017-07-08 21:05:49] production.ERROR: RuntimeException: No supported encrypter found. The cipher and / or key length are invalid. in /projects/laravel/bootstrap/cache/compiled.php:7771
Stack trace:
#0 /projects/laravel/bootstrap/cache/compiled.php(7761): Illuminate\Encryption\EncryptionServiceProvider->getEncrypterForKeyAndCipher(NULL, 'AES-256-CBC')
#1 /projects/laravel/bootstrap/cache/compiled.php(1353): Illuminate\Encryption\EncryptionServiceProvider->Illuminate\Encryption\{closure}(Object(Illuminate\Foundation\Application), Array)
#2 /projects/laravel/bootstrap/cache/compiled.php(1309): Illuminate\Container\Container->build(Object(Closure), Array)
#3 /projects/laravel/bootstrap/cache/compiled.php(1874): Illuminate\Container\Container->make('encrypter', Array)
#4 /projects/laravel/bootstrap/cache/compiled.php(1410): Illuminate\Foundation\Application->make('encrypter')
#5 /projects/laravel/bootstrap/cache/compiled.php(1387): Illuminate\Container\Container->resolveClass(Object(ReflectionParameter))
#6 /projects/laravel/bootstrap/cache/compiled.php(1373): Illuminate\Container\Container->getDependencies(Array, Array)
#7 /projects/laravel/bootstrap/cache/compiled.php(1309): Illuminate\Container\Container->build('App\\Http\\Middle...', Array)
#8 /projects/laravel/bootstrap/cache/compiled.php(1874): Illuminate\Container\Container->make('App\\Http\\Middle...', Array)
#9 /projects/laravel/bootstrap/cache/compiled.php(9958): Illuminate\Foundation\Application->make('App\\Http\\Middle...')
#10 [internal function]: Illuminate\Pipeline\Pipeline->Illuminate\Pipeline\{closure}(Object(Illuminate\Http\Request))
#11 /projects/laravel/vendor/laravel/framework/src/Illuminate/Routing/Pipeline.php(32): call_user_func(Object(Closure), Object(Illuminate\Http\Request))
#12 [internal function]: Illuminate\Routing\Pipeline->Illuminate\Routing\{closure}(Object(Illuminate\Http\Request))
#13 /projects/laravel/bootstrap/cache/compiled.php(9948): call_user_func(Object(Closure), Object(Illuminate\Http\Request))
#14 /projects/laravel/bootstrap/cache/compiled.php(8226): Illuminate\Pipeline\Pipeline->then(Object(Closure))
#15 /projects/laravel/bootstrap/cache/compiled.php(8217): Illuminate\Routing\Router->runRouteWithinStack(Object(Illuminate\Routing\Route), Object(Illuminate\Http\Request))
#16 /projects/laravel/bootstrap/cache/compiled.php(8207): Illuminate\Routing\Router->dispatchToRoute(Object(Illuminate\Http\Request))
#17 /projects/laravel/bootstrap/cache/compiled.php(2419): Illuminate\Routing\Router->dispatch(Object(Illuminate\Http\Request))
#18 [internal function]: Illuminate\Foundation\Http\Kernel->Illuminate\Foundation\Http\{closure}(Object(Illuminate\Http\Request))
#19 /projects/laravel/vendor/laravel/framework/src/Illuminate/Routing/Pipeline.php(52): call_user_func(Object(Closure), Object(Illuminate\Http\Request))
#20 /projects/laravel/bootstrap/cache/compiled.php(3286): Illuminate\Routing\Pipeline->Illuminate\Routing\{closure}(Object(Illuminate\Http\Request))
#21 [internal function]: Illuminate\Foundation\Http\Middleware\CheckForMaintenanceMode->handle(Object(Illuminate\Http\Request), Object(Closure))
#22 /projects/laravel/bootstrap/cache/compiled.php(9963): call_user_func_array(Array, Array)
#23 [internal function]: Illuminate\Pipeline\Pipeline->Illuminate\Pipeline\{closure}(Object(Illuminate\Http\Request))
#24 /projects/laravel/vendor/laravel/framework/src/Illuminate/Routing/Pipeline.php(32): call_user_func(Object(Closure), Object(Illuminate\Http\Request))
#25 [internal function]: Illuminate\Routing\Pipeline->Illuminate\Routing\{closure}(Object(Illuminate\Http\Request))
#26 /projects/laravel/bootstrap/cache/compiled.php(9948): call_user_func(Object(Closure), Object(Illuminate\Http\Request))
#27 /projects/laravel/bootstrap/cache/compiled.php(2366): Illuminate\Pipeline\Pipeline->then(Object(Closure))
#28 /projects/laravel/bootstrap/cache/compiled.php(2350): Illuminate\Foundation\Http\Kernel->sendRequestThroughRouter(Object(Illuminate\Http\Request))
#29 /projects/laravel/public/index.php(53): Illuminate\Foundation\Http\Kernel->handle(Object(Illuminate\Http\Request))
#30 /projects/laravel/server.php(21): require_once('/projects/larav...')
#31 {main}  
[2017-07-08 21:05:49] production.ERROR: RuntimeException: No supported encrypter found. The cipher and / or key length are invalid. in /projects/laravel/bootstrap/cache/compiled.php:7771
Stack trace:
#0 /projects/laravel/bootstrap/cache/compiled.php(7761): Illuminate\Encryption\EncryptionServiceProvider->getEncrypterForKeyAndCipher(NULL, 'AES-256-CBC')
#1 /projects/laravel/bootstrap/cache/compiled.php(1353): Illuminate\Encryption\EncryptionServiceProvider->Illuminate\Encryption\{closure}(Object(Illuminate\Foundation\Application), Array)
#2 /projects/laravel/bootstrap/cache/compiled.php(1309): Illuminate\Container\Container->build(Object(Closure), Array)
#3 /projects/laravel/bootstrap/cache/compiled.php(1874): Illuminate\Container\Container->make('encrypter', Array)
#4 /projects/laravel/bootstrap/cache/compiled.php(1410): Illuminate\Foundation\Application->make('encrypter')
#5 /projects/laravel/bootstrap/cache/compiled.php(1387): Illuminate\Container\Container->resolveClass(Object(ReflectionParameter))
#6 /projects/laravel/bootstrap/cache/compiled.php(1373): Illuminate\Container\Container->getDependencies(Array, Array)
#7 /projects/laravel/bootstrap/cache/compiled.php(1309): Illuminate\Container\Container->build('App\\Http\\Middle...', Array)
#8 /projects/laravel/bootstrap/cache/compiled.php(1874): Illuminate\Container\Container->make('App\\Http\\Middle...', Array)
#9 /projects/laravel/bootstrap/cache/compiled.php(2373): Illuminate\Foundation\Application->make('App\\Http\\Middle...')
#10 /projects/laravel/public/index.php(58): Illuminate\Foundation\Http\Kernel->terminate(Object(Illuminate\Http\Request), Object(Illuminate\Http\Response))
#11 /projects/laravel/server.php(21): require_once('/projects/larav...')
#12 {main}  
